<?xml version="1.0" encoding="UTF-8"?>
<!-- Generated by org.testng.reporters.JUnitReportReporter -->
<testsuite skipped="0" hostname="WIN-NFDCINOH1RK" name="demoJava.NewTest222" tests="3" failures="0" timestamp="2020-02-06T06:57:26 UTC" time="0.015" errors="0">
  <testcase name="primeMembership" time="0.015" classname="demoJava.NewTest222"/>
  <testcase name="renewal" time="0.000" classname="demoJava.NewTest222"/>
  <testcase name="termination" time="0.000" classname="demoJava.NewTest222"/>
</testsuite> <!-- demoJava.NewTest222 -->
