<?xml version="1.0" encoding="UTF-8"?>
<!-- Generated by org.testng.reporters.JUnitReportReporter -->
<testsuite skipped="0" hostname="WIN-NFDCINOH1RK" name="demoJava.Annotations" tests="2" failures="0" timestamp="2020-02-06T08:38:32 UTC" time="0.031" errors="0">
  <testcase name="login" time="0.015" classname="demoJava.Annotations"/>
  <testcase name="register" time="0.016" classname="demoJava.Annotations"/>
</testsuite> <!-- demoJava.Annotations -->
