<?xml version="1.0" encoding="UTF-8"?>
<!-- Generated by org.testng.reporters.JUnitReportReporter -->
<testsuite skipped="0" hostname="WIN-NFDCINOH1RK" name="demoJava.NewTest3" tests="1" failures="0" timestamp="2020-02-05T12:12:00 UTC" time="8.955" errors="0">
  <testcase name="f" time="8.955" classname="demoJava.NewTest3"/>
</testsuite> <!-- demoJava.NewTest3 -->
