<?xml version="1.0" encoding="UTF-8"?>
<!-- Generated by org.testng.reporters.JUnitReportReporter -->
<testsuite skipped="0" hostname="WIN-NFDCINOH1RK" name="demoJava.test4567" tests="1" failures="0" timestamp="2020-02-05T03:54:09 UTC" time="2.402" errors="0">
  <testcase name="f" time="2.402" classname="demoJava.test4567"/>
</testsuite> <!-- demoJava.test4567 -->
