<?xml version="1.0" encoding="UTF-8"?>
<!-- Generated by org.testng.reporters.JUnitReportReporter -->
<testsuite skipped="0" hostname="WIN-NFDCINOH1RK" name="demoJava.NewTest5555" tests="2" failures="0" timestamp="2020-02-06T09:57:38 UTC" time="0.016" errors="0">
  <testcase name="m1" time="0.016" classname="demoJava.NewTest5555"/>
  <testcase name="flipkart" time="0.000" classname="demoJava.NewTest5555"/>
</testsuite> <!-- demoJava.NewTest5555 -->
