<?xml version="1.0" encoding="UTF-8"?>
<!-- Generated by org.testng.reporters.JUnitReportReporter -->
<testsuite skipped="0" hostname="WIN-NFDCINOH1RK" name="demoJava.NewTest12345" tests="1" failures="0" timestamp="2020-02-06T11:58:26 UTC" time="1.297" errors="0">
  <testcase name="f" time="1.297" classname="demoJava.NewTest12345"/>
</testsuite> <!-- demoJava.NewTest12345 -->
