<?xml version="1.0" encoding="UTF-8"?>
<!-- Generated by org.testng.reporters.JUnitReportReporter -->
<testsuite skipped="0" hostname="WIN-NFDCINOH1RK" name="demoJava.testabout" tests="1" failures="0" timestamp="2020-02-05T11:59:46 UTC" time="3.965" errors="0">
  <testcase name="f" time="3.965" classname="demoJava.testabout"/>
</testsuite> <!-- demoJava.testabout -->
