<?xml version="1.0" encoding="UTF-8"?>
<!-- Generated by org.testng.reporters.JUnitReportReporter -->
<testsuite skipped="0" hostname="WIN-NFDCINOH1RK" name="demoJava.Test555" tests="3" failures="0" timestamp="2020-02-06T09:00:28 UTC" time="0.000" errors="0">
  <testcase name="register" time="0.000" classname="demoJava.Test555"/>
  <testcase name="deletingpost" time="0.000" classname="demoJava.Test555"/>
  <testcase name="login" time="0.000" classname="demoJava.Test555"/>
</testsuite> <!-- demoJava.Test555 -->
