<?xml version="1.0" encoding="UTF-8"?>
<!-- Generated by org.testng.reporters.JUnitReportReporter -->
<testsuite skipped="0" hostname="WIN-NFDCINOH1RK" name="demoJava.testng" tests="2" failures="0" timestamp="2020-02-06T06:27:25 UTC" time="0.016" errors="0">
  <testcase name="registration" time="0.000" classname="demoJava.testng"/>
  <testcase name="login" time="0.016" classname="demoJava.testng"/>
</testsuite> <!-- demoJava.testng -->
