<?xml version="1.0" encoding="UTF-8"?>
<!-- Generated by org.testng.reporters.JUnitReportReporter -->
<testsuite skipped="0" hostname="WIN-NFDCINOH1RK" name="demoJava.fbpostdemo" tests="1" failures="0" timestamp="2020-02-06T04:58:36 UTC" time="0.016" errors="0">
  <testcase name="fblogin" time="0.016" classname="demoJava.fbpostdemo"/>
</testsuite> <!-- demoJava.fbpostdemo -->
