<?xml version="1.0" encoding="UTF-8"?>
<!-- Generated by org.testng.reporters.JUnitReportReporter -->
<testsuite skipped="0" hostname="WIN-NFDCINOH1RK" name="Testngdemo1" tests="3" failures="0" timestamp="2020-02-04T09:37:29 UTC" time="0.016" errors="0">
  <testcase name="registration" time="0.016" classname="Testngdemo1"/>
  <testcase name="logout" time="0.000" classname="Testngdemo1"/>
  <testcase name="login" time="0.000" classname="Testngdemo1"/>
</testsuite> <!-- Testngdemo1 -->
