<?xml version="1.0" encoding="UTF-8"?>
<!-- Generated by org.testng.reporters.JUnitReportReporter -->
<testsuite skipped="0" hostname="WIN-NFDCINOH1RK" name="demoJava.demowebshop" tests="1" failures="0" timestamp="2020-02-05T10:36:54 UTC" time="6.113" errors="0">
  <testcase name="f" time="6.113" classname="demoJava.demowebshop"/>
</testsuite> <!-- demoJava.demowebshop -->
